<?xml version="1.0" encoding="UTF-8"?>
<!-- Generated by org.testng.reporters.JUnitReportReporter -->
<testsuite skipped="0" hostname="LAPTOP-1T3MCQ45" name="com.revature.testng.Mercury" tests="2" failures="0" timestamp="08 May 2018 18:00:05 GMT" time="0.000" errors="0">
  <testcase name="test2" time="0.000" classname="com.revature.testng.Mercury"/>
  <testcase name="test1" time="0.000" classname="com.revature.testng.Mercury"/>
</testsuite> <!-- com.revature.testng.Mercury -->
