<?xml version="1.0" encoding="UTF-8"?>
<!-- Generated by org.testng.reporters.JUnitReportReporter -->
<testsuite skipped="0" hostname="LAPTOP-1T3MCQ45" name="com.revature.pom.Mercury_POM_TestNG" tests="2" failures="0" timestamp="09 May 2018 14:40:40 GMT" time="11.481" errors="0">
  <testcase name="VerifyValidLogin" time="11.020" classname="com.revature.pom.Mercury_POM_TestNG"/>
  <testcase name="VerifyFindingFlights" time="0.461" classname="com.revature.pom.Mercury_POM_TestNG"/>
</testsuite> <!-- com.revature.pom.Mercury_POM_TestNG -->
