<?xml version="1.0" encoding="UTF-8"?>
<!-- Generated by org.testng.reporters.JUnitReportReporter -->
<testsuite skipped="2" hostname="LAPTOP-1T3MCQ45" name="com.revature.testng.HelloTestNG" tests="8" failures="0" timestamp="08 May 2018 18:23:44 GMT" time="0.047" errors="0">
  <testcase name="JessicaJones" time="0.000" classname="com.revature.testng.HelloTestNG"/>
  <testcase name="CarlLucas" time="0.028" classname="com.revature.testng.HelloTestNG"/>
  <testcase name="DannyRand" time="0.003" classname="com.revature.testng.HelloTestNG"/>
  <testcase name="Friend2" time="0.000" classname="com.revature.testng.HelloTestNG"/>
  <testcase name="MattMurdock" time="0.016" classname="com.revature.testng.HelloTestNG"/>
  <testcase name="Friend1" time="0.000" classname="com.revature.testng.HelloTestNG"/>
  <testcase name="one" classname="com.revature.testng.HelloTestNG">
    <skipped/>
  </testcase> <!-- one -->
  <testcase name="test3" classname="com.revature.testng.HelloTestNG">
    <skipped/>
  </testcase> <!-- test3 -->
</testsuite> <!-- com.revature.testng.HelloTestNG -->
