<?xml version="1.0" encoding="UTF-8"?>
<!-- Generated by org.testng.reporters.JUnitReportReporter -->
<testsuite skipped="0" hostname="LAPTOP-1T3MCQ45" name="com.revature.cukes.TestRunner" tests="2" failures="0" timestamp="09 May 2018 16:12:43 GMT" time="0.142" errors="0">
  <testcase name="feature" time="0.001" classname="com.revature.cukes.TestRunner"/>
  <testcase name="feature" time="0.141" classname="com.revature.cukes.TestRunner"/>
</testsuite> <!-- com.revature.cukes.TestRunner -->
